0 info it worked if it ends with ok
1 verbose cli [ 'D:\\Program Files\\nodejs\\node.exe',
1 verbose cli   'D:\\Program Files\\nodejs\\node_modules\\npm\\bin\\npm-cli.js',
1 verbose cli   'run',
1 verbose cli   'build' ]
2 info using npm@3.10.10
3 info using node@v6.9.5
4 verbose run-script [ 'prebuild', 'build', 'postbuild' ]
5 info lifecycle vue-options@1.0.0~prebuild: vue-options@1.0.0
6 silly lifecycle vue-options@1.0.0~prebuild: no script for prebuild, continuing
7 info lifecycle vue-options@1.0.0~build: vue-options@1.0.0
8 verbose lifecycle vue-options@1.0.0~build: unsafe-perm in lifecycle true
9 verbose lifecycle vue-options@1.0.0~build: PATH: D:\Program Files\nodejs\node_modules\npm\bin\node-gyp-bin;D:\projects\vue-options\node_modules\.bin;C:\Program Files (x86)\AMD APP\bin\x86_64;C:\Program Files (x86)\AMD APP\bin\x86;C:\Program Files (x86)\Common Files\NetSarang;C:\ProgramData\Oracle\Java\javapath;F:\app\hejia.song\product\11.2.0\client_4\bin;F:\app\hejia.song\product\11.2.0\client_2;F:\app\hejia.song\product\11.2.0\client_1;C:\Program Files (x86)\Intel\iCLS Client\;C:\Program Files\Intel\iCLS Client\;C:\Windows\system32;C:\Windows;C:\Windows\System32\Wbem;C:\Windows\System32\WindowsPowerShell\v1.0\;C:\Program Files\Intel\Intel(R) Management Engine Components\DAL;C:\Program Files\Intel\Intel(R) Management Engine Components\IPT;C:\Program Files (x86)\Intel\Intel(R) Management Engine Components\DAL;C:\Program Files (x86)\Intel\Intel(R) Management Engine Components\IPT;C:\Program Files\TortoiseSVN\bin;C:\Program Files\Microsoft SQL Server\110\DTS\Binn\;C:\Program Files (x86)\Microsoft SQL Server\110\Tools\Binn\;C:\Program Files\Microsoft SQL Server\110\Tools\Binn\;C:\Program Files (x86)\Microsoft SQL Server\110\Tools\Binn\ManagementStudio\;C:\Program Files (x86)\Microsoft Visual Studio 10.0\Common7\IDE\PrivateAssemblies\;C:\Program Files (x86)\Microsoft SQL Server\110\DTS\Binn\;C:\Program Files (x86)\Windows Kits\8.1\Windows Performance Toolkit\;D:\MySQL Server 5.6\bin;C:\Program Files (x86)\Microsoft Visual Studio 12.0\Common7\IDE;C:\Program Files (x86)\Microsoft SDKs\TypeScript\1.0\;C:\Program Files\Microsoft SQL Server\120\Tools\Binn\;C:\Program Files (x86)\Microsoft ASP.NET\ASP.NET Web Pages\v1.0\;D:\Program Files\nodejs;C:\Program Files (x86)\Microsoft SDKs\Windows\v7.0A\bin;C:\Program Files (x86)\ATI Technologies\ATI.ACE\Core-Static;D:\Program Files\AMD\ATI.ACE\Core-Static;E:\curl\I386;D:\Program Files\nodejs\;C:\Program Files (x86)\Git\bin;;d:\Program Files (x86)\Microsoft VS Code\bin;C:\Users\hejia.song\AppData\Roaming\npm
10 verbose lifecycle vue-options@1.0.0~build: CWD: D:\projects\vue-options
11 silly lifecycle vue-options@1.0.0~build: Args: [ '/d /s /c', 'node lib/build/build' ]
12 silly lifecycle vue-options@1.0.0~build: Returned: code: 1  signal: null
13 info lifecycle vue-options@1.0.0~build: Failed to exec build script
14 verbose stack Error: vue-options@1.0.0 build: `node lib/build/build`
14 verbose stack Exit status 1
14 verbose stack     at EventEmitter.<anonymous> (D:\Program Files\nodejs\node_modules\npm\lib\utils\lifecycle.js:255:16)
14 verbose stack     at emitTwo (events.js:106:13)
14 verbose stack     at EventEmitter.emit (events.js:191:7)
14 verbose stack     at ChildProcess.<anonymous> (D:\Program Files\nodejs\node_modules\npm\lib\utils\spawn.js:40:14)
14 verbose stack     at emitTwo (events.js:106:13)
14 verbose stack     at ChildProcess.emit (events.js:191:7)
14 verbose stack     at maybeClose (internal/child_process.js:877:16)
14 verbose stack     at Process.ChildProcess._handle.onexit (internal/child_process.js:226:5)
15 verbose pkgid vue-options@1.0.0
16 verbose cwd D:\projects\vue-options
17 error Windows_NT 6.1.7601
18 error argv "D:\\Program Files\\nodejs\\node.exe" "D:\\Program Files\\nodejs\\node_modules\\npm\\bin\\npm-cli.js" "run" "build"
19 error node v6.9.5
20 error npm  v3.10.10
21 error code ELIFECYCLE
22 error vue-options@1.0.0 build: `node lib/build/build`
22 error Exit status 1
23 error Failed at the vue-options@1.0.0 build script 'node lib/build/build'.
23 error Make sure you have the latest version of node.js and npm installed.
23 error If you do, this is most likely a problem with the vue-options package,
23 error not with npm itself.
23 error Tell the author that this fails on your system:
23 error     node lib/build/build
23 error You can get information on how to open an issue for this project with:
23 error     npm bugs vue-options
23 error Or if that isn't available, you can get their info via:
23 error     npm owner ls vue-options
23 error There is likely additional logging output above.
24 verbose exit [ 1, true ]
